[debug] [2025-04-04T07:38:01.475Z] ----------------------------------------------------------------------
[debug] [2025-04-04T07:38:01.479Z] Command:       C:\Program Files\nodejs\node.exe C:\Users\Admin\AppData\Roaming\npm\node_modules\firebase-tools\lib\bin\firebase.js init
[debug] [2025-04-04T07:38:01.480Z] CLI Version:   14.1.0
[debug] [2025-04-04T07:38:01.480Z] Platform:      win32
[debug] [2025-04-04T07:38:01.480Z] Node Version:  v22.12.0
[debug] [2025-04-04T07:38:01.481Z] Time:          Fri Apr 04 2025 13:08:01 GMT+0530 (India Standard Time)
[debug] [2025-04-04T07:38:01.481Z] ----------------------------------------------------------------------
[debug] 
[debug] [2025-04-04T07:38:01.492Z] > command requires scopes: ["email","openid","https://www.googleapis.com/auth/cloudplatformprojects.readonly","https://www.googleapis.com/auth/firebase","https://www.googleapis.com/auth/cloud-platform"]
[debug] [2025-04-04T07:38:01.493Z] > authorizing via signed-in user (maste005kar2005@gmail.com)
[info] 
     ######## #### ########  ######## ########     ###     ######  ########
     ##        ##  ##     ## ##       ##     ##  ##   ##  ##       ##
     ######    ##  ########  ######   ########  #########  ######  ######
     ##        ##  ##    ##  ##       ##     ## ##     ##       ## ##
     ##       #### ##     ## ######## ########  ##     ##  ######  ########

You're about to initialize a Firebase project in this directory:

  E:\Q-Spider\Q-Spyder\React-project

[info] 
=== Project Setup
[info] 
[info] First, let's associate this project directory with a Firebase project.
[info] You can create multiple project aliases by running firebase use --add, 
[info] but for now we'll just set up a default project.
[info] 
[debug] [2025-04-04T07:38:16.909Z] Checked if tokens are valid: true, expires at: 1743754892342
[debug] [2025-04-04T07:38:16.909Z] Checked if tokens are valid: true, expires at: 1743754892342
[debug] [2025-04-04T07:38:16.911Z] >>> [apiv2][query] GET https://firebase.googleapis.com/v1beta1/projects pageSize=100
[debug] [2025-04-04T07:38:19.368Z] <<< [apiv2][status] GET https://firebase.googleapis.com/v1beta1/projects 200
[debug] [2025-04-04T07:38:19.368Z] <<< [apiv2][body] GET https://firebase.googleapis.com/v1beta1/projects [omitted]
